<?xml version="1.0" encoding="UTF-8"?>
<testsuite name="com.aymane.calculator.CalculatorTest" tests="1" skipped="0" failures="0" errors="0" timestamp="2023-12-21T08:54:36" hostname="ubuntu-XPS-13-9365" time="0.01">
  <properties/>
  <testcase name="testSum()" classname="com.aymane.calculator.CalculatorTest" time="0.01"/>
  <system-out><![CDATA[]]></system-out>
  <system-err><![CDATA[]]></system-err>
</testsuite>
